2025-10-02 18:59:41, MOVE, v:1, k:animal, mode:PICK
2025-10-02 18:59:52, EXEC, v:1, k:animal, mode:FULL, rate:0, size:0
2025-10-02 18:59:56, EXEC, v:1, k:animal, mode:FULL, rate:0
2025-10-02 18:59:59, MOVE, v:1, k:animal, mode:BACK
2025-10-02 19:00:02, MOVE, v:1, k:toalha, mode:PICK
2025-10-02 19:00:02, EXEC, v:1, k:toalha, mode:LOCK, rate:100
2025-10-02 19:00:04, EXEC, v:1, k:toalha, mode:LOCK, rate:100
2025-10-02 19:00:04, EXEC, v:1, k:toalha, mode:LOCK, rate:100
2025-10-02 19:00:05, EXEC, v:1, k:toalha, mode:LOCK, rate:100
2025-10-02 19:00:05, EXEC, v:1, k:toalha, mode:LOCK, rate:100
2025-10-02 19:00:05, EXEC, v:1, k:toalha, mode:LOCK, rate:100
2025-10-02 19:00:05, EXEC, v:1, k:toalha, mode:LOCK, rate:100
2025-10-02 19:00:07, MOVE, v:1, k:toalha, mode:BACK
2025-10-02 19:14:52, MOVE, v:1, k:toalha, mode:PICK
2025-10-02 19:14:53, EXEC, v:1, k:toalha, mode:LOCK, rate:100
2025-10-02 19:14:54, EXEC, v:1, k:toalha, mode:LOCK, rate:100
2025-10-02 19:15:08, EXEC, v:1, k:toalha, mode:FREE
2025-10-02 19:19:02, MOVE, v:1, k:toalha, mode:BACK
2025-10-02 19:19:06, MOVE, v:1, k:animal, mode:PICK
2025-10-02 19:19:07, EXEC, v:1, k:animal, mode:FULL, rate:0, size:54
2025-10-02 19:19:10, EXEC, v:1, k:animal, mode:FULL, rate:0
2025-10-02 19:19:13, EXEC, v:1, k:animal, mode:FULL, rate:0
2025-10-02 19:20:17, EXEC, v:1, k:animal, mode:FULL, rate:0, size:54
2025-10-02 19:20:18, EXEC, v:1, k:animal, mode:FULL, rate:0
2025-10-02 19:20:18, EXEC, v:1, k:animal, mode:FULL, rate:0
2025-10-02 19:20:18, EXEC, v:1, k:animal, mode:FULL, rate:0
2025-10-02 19:20:18, EXEC, v:1, k:animal, mode:FULL, rate:0
2025-10-02 19:20:19, EXEC, v:1, k:animal, mode:FULL, rate:0
2025-10-02 19:20:19, EXEC, v:1, k:animal, mode:FULL, rate:0
2025-10-02 19:20:20, EXEC, v:1, k:animal, mode:FULL, rate:0
2025-10-02 19:24:28, EXEC, v:1, k:animal, mode:FULL, rate:0, size:58
2025-10-02 19:24:32, EXEC, v:1, k:animal, mode:FULL, rate:0
2025-10-02 19:24:33, EXEC, v:1, k:animal, mode:FULL, rate:0
2025-10-02 19:25:03, EXEC, v:1, k:animal, mode:FREE, size:57
2025-10-02 19:28:36, MOVE, v:1, k:animal, mode:PICK
2025-10-02 19:28:38, EXEC, v:1, k:animal, mode:FULL, rate:0
2025-10-02 19:29:25, EXEC, v:1, k:animal, mode:FREE
2025-10-02 19:30:51, MOVE, v:1, k:animal, mode:PICK
2025-10-02 19:31:11, EXEC, v:1, k:animal, mode:FULL, rate:0
2025-10-02 19:32:12, EXEC, v:1, k:animal, mode:FREE
2025-10-02 19:35:41, MOVE, v:1, k:animal, mode:PICK
2025-10-02 19:35:42, EXEC, v:1, k:animal, mode:FULL, rate:0
2025-10-02 19:35:43, EXEC, v:1, k:animal, mode:FULL, rate:0
2025-10-02 19:35:43, EXEC, v:1, k:animal, mode:FULL, rate:0
2025-10-02 19:47:50, EXEC, v:1, k:animal, mode:FULL, rate:0, size:61
2025-10-02 19:55:24, EXEC, v:1, k:animal, mode:FULL, rate:0, size:29
2025-10-02 19:55:26, EXEC, v:1, k:animal, mode:FULL, rate:0
2025-10-02 19:55:50, MOVE, v:1, k:animal, mode:PICK
2025-10-02 19:55:51, EXEC, v:1, k:animal, mode:FULL, rate:0
2025-10-02 20:05:56, EXEC, v:1, k:animal, mode:FULL, rate:0, size:74
2025-10-02 20:05:58, EXEC, v:1, k:animal, mode:FULL, rate:0
2025-10-02 20:06:00, EXEC, v:1, k:animal, mode:FULL, rate:0
2025-10-02 20:06:04, EXEC, v:1, k:animal, mode:FULL, rate:0
2025-10-02 20:06:05, EXEC, v:1, k:animal, mode:FULL, rate:0
2025-10-02 20:06:18, EXEC, v:1, k:animal, mode:FULL, rate:0
2025-10-02 20:06:19, EXEC, v:1, k:animal, mode:FULL, rate:0
2025-10-02 20:06:20, EXEC, v:1, k:animal, mode:FULL, rate:0
2025-10-02 20:06:21, EXEC, v:1, k:animal, mode:FULL, rate:0
2025-10-02 20:06:22, EXEC, v:1, k:animal, mode:FULL, rate:0
2025-10-02 20:06:24, EXEC, v:1, k:animal, mode:FULL, rate:0
2025-10-02 20:06:24, EXEC, v:1, k:animal, mode:FULL, rate:0
2025-10-02 20:06:24, EXEC, v:1, k:animal, mode:FULL, rate:0
2025-10-02 20:06:25, EXEC, v:1, k:animal, mode:FULL, rate:0
2025-10-02 20:06:26, EXEC, v:1, k:animal, mode:FULL, rate:0
2025-10-02 20:06:26, EXEC, v:1, k:animal, mode:FULL, rate:0
2025-10-02 20:06:27, EXEC, v:1, k:animal, mode:FULL, rate:0
2025-10-02 20:06:27, EXEC, v:1, k:animal, mode:FULL, rate:0
2025-10-02 20:07:52, EXEC, v:1, k:animal, mode:FULL, rate:0
2025-10-02 20:07:53, EXEC, v:1, k:animal, mode:FULL, rate:0
2025-10-02 20:07:54, EXEC, v:1, k:animal, mode:FULL, rate:0
2025-10-02 20:07:55, EXEC, v:1, k:animal, mode:FULL, rate:0
2025-10-02 20:07:55, EXEC, v:1, k:animal, mode:FULL, rate:0
2025-10-02 20:07:56, EXEC, v:1, k:animal, mode:FULL, rate:0
2025-10-02 20:12:00, EXEC, v:1, k:animal, mode:FULL, rate:0, size:148
2025-10-02 20:12:00, EXEC, v:1, k:animal, mode:FULL, rate:0, size:148
2025-10-02 20:12:01, EXEC, v:1, k:animal, mode:FULL, rate:0, size:148
2025-10-02 20:12:01, EXEC, v:1, k:animal, mode:FULL, rate:0, size:148
2025-10-02 20:12:02, EXEC, v:1, k:animal, mode:FULL, rate:0, size:148
2025-10-02 20:12:53, EXEC, v:1, k:animal, mode:FULL, rate:0, size:74
2025-10-02 20:12:54, EXEC, v:1, k:animal, mode:FULL, rate:0
2025-10-02 20:12:55, EXEC, v:1, k:animal, mode:FULL, rate:0
2025-10-02 20:12:56, EXEC, v:1, k:animal, mode:FULL, rate:0
2025-10-02 20:12:56, EXEC, v:1, k:animal, mode:FULL, rate:0
2025-10-02 20:12:57, EXEC, v:1, k:animal, mode:FULL, rate:0
2025-10-02 20:12:57, EXEC, v:1, k:animal, mode:FULL, rate:0
2025-10-02 20:12:57, EXEC, v:1, k:animal, mode:FULL, rate:0
2025-10-02 20:12:57, EXEC, v:1, k:animal, mode:FULL, rate:0
2025-10-02 20:12:57, EXEC, v:1, k:animal, mode:FULL, rate:0
2025-10-02 20:12:57, EXEC, v:1, k:animal, mode:FULL, rate:0
2025-10-02 20:12:58, EXEC, v:1, k:animal, mode:FULL, rate:0
2025-10-02 20:12:58, EXEC, v:1, k:animal, mode:FULL, rate:0
2025-10-02 20:12:58, EXEC, v:1, k:animal, mode:FULL, rate:0
2025-10-02 20:12:58, EXEC, v:1, k:animal, mode:FULL, rate:0
2025-10-02 20:16:18, EXEC, v:1, k:animal, mode:FREE
2025-10-02 20:16:54, EXEC, v:1, k:animal, mode:FULL, rate:0
2025-10-02 20:16:57, EXEC, v:1, k:animal, mode:FULL, rate:0
2025-10-02 20:16:59, EXEC, v:1, k:animal, mode:FULL, rate:0
2025-10-02 20:17:00, EXEC, v:1, k:animal, mode:FULL, rate:0
2025-10-02 20:17:00, EXEC, v:1, k:animal, mode:FULL, rate:0
2025-10-02 20:17:01, EXEC, v:1, k:animal, mode:FULL, rate:0
2025-10-02 20:17:02, EXEC, v:1, k:animal, mode:FULL, rate:0
2025-10-02 20:17:02, EXEC, v:1, k:animal, mode:FULL, rate:0
2025-10-02 20:17:02, EXEC, v:1, k:animal, mode:FULL, rate:0
2025-10-02 20:17:03, EXEC, v:1, k:animal, mode:FULL, rate:0
2025-10-02 20:17:03, EXEC, v:1, k:animal, mode:FULL, rate:0
2025-10-02 20:17:04, EXEC, v:1, k:animal, mode:FULL, rate:0
2025-10-02 20:17:05, EXEC, v:1, k:animal, mode:FULL, rate:0
2025-10-02 20:17:05, EXEC, v:1, k:animal, mode:FULL, rate:0
2025-10-02 20:17:06, EXEC, v:1, k:animal, mode:FULL, rate:0
2025-10-02 20:17:07, EXEC, v:1, k:animal, mode:FULL, rate:0
2025-10-02 20:19:34, EXEC, v:1, k:animal, mode:FULL, rate:0
2025-10-02 20:19:35, EXEC, v:1, k:animal, mode:FULL, rate:0
2025-10-02 20:19:35, EXEC, v:1, k:animal, mode:FULL, rate:0
2025-10-02 20:19:36, EXEC, v:1, k:animal, mode:FULL, rate:0
2025-10-02 20:19:40, EXEC, v:1, k:animal, mode:FULL, rate:0
2025-10-02 20:19:41, EXEC, v:1, k:animal, mode:FULL, rate:0
2025-10-02 20:19:42, EXEC, v:1, k:animal, mode:FULL, rate:0
2025-10-02 20:21:47, EXEC, v:1, k:animal, mode:FULL, rate:0, size:135
2025-10-02 20:21:47, EXEC, v:1, k:animal, mode:FULL, rate:0, size:135
2025-10-02 20:21:48, EXEC, v:1, k:animal, mode:FULL, rate:0, size:135
2025-10-02 20:21:52, EXEC, v:1, k:animal, mode:FULL, rate:0
2025-10-02 20:21:52, EXEC, v:1, k:animal, mode:FULL, rate:0
2025-10-02 20:21:53, EXEC, v:1, k:animal, mode:FULL, rate:0
2025-10-02 20:21:53, EXEC, v:1, k:animal, mode:FULL, rate:0
2025-10-02 20:21:54, EXEC, v:1, k:animal, mode:FULL, rate:0
2025-10-02 20:21:55, EXEC, v:1, k:animal, mode:FULL, rate:0
2025-10-02 20:21:55, EXEC, v:1, k:animal, mode:FULL, rate:0
2025-10-02 20:30:10, EXEC, v:1, k:animal, mode:FULL, rate:0, size:146
2025-10-02 20:30:13, EXEC, v:1, k:animal, mode:FULL, rate:0
2025-10-02 20:36:00, EXEC, v:1, k:animal, mode:FULL, rate:0, size:74
2025-10-02 20:36:01, EXEC, v:1, k:animal, mode:FULL, rate:0
2025-10-02 20:38:33, EXEC, v:1, k:animal, mode:FULL, rate:0, size:140
2025-10-02 20:40:20, EXEC, v:1, k:animal, mode:FULL, rate:0
2025-10-02 20:40:22, EXEC, v:1, k:animal, mode:FULL, rate:0
2025-10-02 20:40:23, EXEC, v:1, k:animal, mode:FULL, rate:0
2025-10-02 20:41:14, EXEC, v:1, k:animal, mode:FULL, rate:0, size:66
2025-10-02 20:41:16, EXEC, v:1, k:animal, mode:FULL, rate:0
2025-10-02 20:42:44, EXEC, v:1, k:animal, mode:FULL, rate:0, size:66
2025-10-02 20:42:45, EXEC, v:1, k:animal, mode:FULL, rate:0
2025-10-02 20:42:45, EXEC, v:1, k:animal, mode:FULL, rate:0
2025-10-02 20:42:45, EXEC, v:1, k:animal, mode:FULL, rate:0
2025-10-02 20:42:46, EXEC, v:1, k:animal, mode:FULL, rate:0
2025-10-02 20:42:46, EXEC, v:1, k:animal, mode:FULL, rate:0
2025-10-02 20:42:46, EXEC, v:1, k:animal, mode:FULL, rate:0
2025-10-02 20:42:46, EXEC, v:1, k:animal, mode:FULL, rate:0
2025-10-02 20:42:47, EXEC, v:1, k:animal, mode:FULL, rate:0
2025-10-02 20:42:47, EXEC, v:1, k:animal, mode:FULL, rate:0
2025-10-02 20:42:47, EXEC, v:1, k:animal, mode:FULL, rate:0
2025-10-02 20:42:49, EXEC, v:1, k:animal, mode:FULL, rate:0
2025-10-02 20:42:50, EXEC, v:1, k:animal, mode:FULL, rate:0
2025-10-02 20:43:02, EXEC, v:1, k:animal, mode:FREE
2025-10-02 20:46:20, MOVE, v:1, k:animal, mode:DOWN
2025-10-02 20:49:37, MOVE, v:1, k:animal, mode:PICK
2025-10-02 20:49:38, EXEC, v:1, k:animal, mode:FULL, rate:0, size:45
2025-10-02 20:52:16, EXEC, v:1, k:animal, mode:FULL, rate:0, size:43
2025-10-02 20:52:17, EXEC, v:1, k:animal, mode:FULL, rate:0
2025-10-02 20:52:34, EXEC, v:1, k:animal, mode:FULL, rate:0, size:71
2025-10-02 20:53:53, EXEC, v:1, k:animal, mode:FULL, rate:100, size:70
2025-10-02 20:56:22, MOVE, v:1, k:animal, mode:BACK
2025-10-02 21:09:46, SELF, v:1, k:animal, rate:100, human:s, iagen:copilot_gpt, guide:s, alone:5, study:3
2025-10-02 21:09:58, SELF, v:1, k:animal, rate:100, human:s, iagen:copilot_gpt, guide:s, alone:5, study:3
